<?xml version="1.0" encoding="UTF-8"?>
<testng-results ignored="0" total="1" passed="1" failed="0" skipped="0">
  <reporter-output>
  </reporter-output>
  <suite started-at="2023-02-07T22:56:55 IST" name="Default suite" finished-at="2023-02-07T22:57:08 IST" duration-ms="12845">
    <groups>
    </groups>
    <test started-at="2023-02-07T22:56:55 IST" name="Default test" finished-at="2023-02-07T22:57:08 IST" duration-ms="12845">
      <class name="utility.listner">
        <test-method is-config="true" signature="initialbrowser()[pri:0, instance:utility.listner@2b40ff9c]" started-at="2023-02-07T22:56:55 IST" name="initialbrowser" finished-at="2023-02-07T22:57:04 IST" duration-ms="9139" status="PASS">
          <reporter-output>
          </reporter-output>
        </test-method> <!-- initialbrowser -->
        <test-method signature="login()[pri:0, instance:utility.listner@2b40ff9c]" started-at="2023-02-07T22:57:04 IST" name="login" finished-at="2023-02-07T22:57:07 IST" duration-ms="2385" status="PASS">
          <reporter-output>
          </reporter-output>
        </test-method> <!-- login -->
        <test-method is-config="true" signature="teardown()[pri:0, instance:utility.listner@2b40ff9c]" started-at="2023-02-07T22:57:07 IST" name="teardown" finished-at="2023-02-07T22:57:08 IST" duration-ms="1257" status="PASS">
          <reporter-output>
          </reporter-output>
        </test-method> <!-- teardown -->
      </class> <!-- utility.listner -->
    </test> <!-- Default test -->
  </suite> <!-- Default suite -->
</testng-results>
